Spark Command: /usr/lib/jvm/java-8-oracle/bin/java -cp /home/hadoop/spark/conf/:/home/hadoop/spark/jars/* -Xmx1g org.apache.spark.deploy.master.Master --host big03-3.novalocal --port 7077 --webui-port 8080
========================================
Using Spark's default log4j profile: org/apache/spark/log4j-defaults.properties
18/12/07 11:19:49 INFO Master: Started daemon with process name: 1357@big03-3
18/12/07 11:19:49 INFO SignalUtils: Registered signal handler for TERM
18/12/07 11:19:49 INFO SignalUtils: Registered signal handler for HUP
18/12/07 11:19:49 INFO SignalUtils: Registered signal handler for INT
18/12/07 11:19:50 WARN NativeCodeLoader: Unable to load native-hadoop library for your platform... using builtin-java classes where applicable
18/12/07 11:19:50 INFO SecurityManager: Changing view acls to: hadoop
18/12/07 11:19:50 INFO SecurityManager: Changing modify acls to: hadoop
18/12/07 11:19:50 INFO SecurityManager: Changing view acls groups to: 
18/12/07 11:19:50 INFO SecurityManager: Changing modify acls groups to: 
18/12/07 11:19:50 INFO SecurityManager: SecurityManager: authentication disabled; ui acls disabled; users  with view permissions: Set(hadoop); groups with view permissions: Set(); users  with modify permissions: Set(hadoop); groups with modify permissions: Set()
18/12/07 11:19:50 INFO Utils: Successfully started service 'sparkMaster' on port 7077.
18/12/07 11:19:50 INFO Master: Starting Spark master at spark://big03-3.novalocal:7077
18/12/07 11:19:50 INFO Master: Running Spark version 2.2.2
18/12/07 11:19:51 INFO Utils: Successfully started service 'MasterUI' on port 8080.
18/12/07 11:19:51 INFO MasterWebUI: Bound MasterWebUI to 127.0.0.1, and started at http://127.0.0.1:8080
18/12/07 11:19:51 INFO Utils: Successfully started service on port 6066.
18/12/07 11:19:51 INFO StandaloneRestServer: Started REST server for submitting applications on port 6066
18/12/07 11:19:51 INFO Master: I have been elected leader! New state: ALIVE
18/12/07 11:19:58 INFO Master: Registering worker 127.0.0.1:39711 with 2 cores, 2.9 GB RAM
