Spark Command: /usr/lib/jvm/java-8-oracle/bin/java -cp /home/hadoop/spark/conf/:/home/hadoop/spark/jars/* -Xmx1g org.apache.spark.deploy.worker.Worker --webui-port 8081 spark://big03-3.novalocal:7077
========================================
Using Spark's default log4j profile: org/apache/spark/log4j-defaults.properties
18/12/07 11:19:56 INFO Worker: Started daemon with process name: 1444@big03-3
18/12/07 11:19:56 INFO SignalUtils: Registered signal handler for TERM
18/12/07 11:19:56 INFO SignalUtils: Registered signal handler for HUP
18/12/07 11:19:56 INFO SignalUtils: Registered signal handler for INT
18/12/07 11:19:57 WARN NativeCodeLoader: Unable to load native-hadoop library for your platform... using builtin-java classes where applicable
18/12/07 11:19:57 INFO SecurityManager: Changing view acls to: hadoop
18/12/07 11:19:57 INFO SecurityManager: Changing modify acls to: hadoop
18/12/07 11:19:57 INFO SecurityManager: Changing view acls groups to: 
18/12/07 11:19:57 INFO SecurityManager: Changing modify acls groups to: 
18/12/07 11:19:57 INFO SecurityManager: SecurityManager: authentication disabled; ui acls disabled; users  with view permissions: Set(hadoop); groups with view permissions: Set(); users  with modify permissions: Set(hadoop); groups with modify permissions: Set()
18/12/07 11:19:57 INFO Utils: Successfully started service 'sparkWorker' on port 39711.
18/12/07 11:19:57 INFO Worker: Starting Spark worker 127.0.0.1:39711 with 2 cores, 2.9 GB RAM
18/12/07 11:19:57 INFO Worker: Running Spark version 2.2.2
18/12/07 11:19:57 INFO Worker: Spark home: /home/hadoop/spark
18/12/07 11:19:57 INFO Utils: Successfully started service 'WorkerUI' on port 8081.
18/12/07 11:19:57 INFO WorkerWebUI: Bound WorkerWebUI to 127.0.0.1, and started at http://127.0.0.1:8081
18/12/07 11:19:57 INFO Worker: Connecting to master big03-3.novalocal:7077...
18/12/07 11:19:57 INFO TransportClientFactory: Successfully created connection to big03-3.novalocal/127.0.1.1:7077 after 39 ms (0 ms spent in bootstraps)
18/12/07 11:19:58 INFO Worker: Successfully registered with master spark://big03-3.novalocal:7077
